<?xml version="1.0" encoding="UTF-8"?>
<testng-results ignored="0" total="1" passed="1" failed="0" skipped="0">
  <reporter-output>
  </reporter-output>
  <suite started-at="2023-12-06T08:17:55 IST" name="Default suite" finished-at="2023-12-06T08:17:55 IST" duration-ms="85">
    <groups>
    </groups>
    <test started-at="2023-12-06T08:17:55 IST" name="Default test" finished-at="2023-12-06T08:17:55 IST" duration-ms="85">
      <class name="Project.Project1">
        <test-method signature="M1()[pri:0, instance:Project.Project1@3d1cfad4]" started-at="2023-12-06T08:17:55 IST" name="M1" finished-at="2023-12-06T08:17:55 IST" duration-ms="13" status="PASS">
          <reporter-output>
          </reporter-output>
        </test-method> <!-- M1 -->
      </class> <!-- Project.Project1 -->
    </test> <!-- Default test -->
  </suite> <!-- Default suite -->
</testng-results>
